Performing C++ SOURCE FILE Test COMPILER_SUPPORT_Wshorten64to32 failed with the following output:
Change Dir: /home/brandon/RayTracingInOneWeekend/RayTracer/build/CMakeFiles/CMakeScratch/TryCompile-t39V22

Run Build Command(s):/usr/bin/gmake -f Makefile cmTC_c76a9/fast && /usr/bin/gmake  -f CMakeFiles/cmTC_c76a9.dir/build.make CMakeFiles/cmTC_c76a9.dir/build
gmake[1]: Entering directory '/home/brandon/RayTracingInOneWeekend/RayTracer/build/CMakeFiles/CMakeScratch/TryCompile-t39V22'
Building CXX object CMakeFiles/cmTC_c76a9.dir/src.cxx.o
/usr/bin/g++ -DCOMPILER_SUPPORT_Wshorten64to32  -pedantic -Wall -Wextra -Wundef -Wcast-align -Wchar-subscripts -Wnon-virtual-dtor -Wunused-local-typedefs -Wpointer-arith -Wwrite-strings -Wformat-security -Werror   -Wshorten-64-to-32 -std=gnu++17 -o CMakeFiles/cmTC_c76a9.dir/src.cxx.o -c /home/brandon/RayTracingInOneWeekend/RayTracer/build/CMakeFiles/CMakeScratch/TryCompile-t39V22/src.cxx
g++: error: unrecognized command-line option '-Wshorten-64-to-32'
gmake[1]: *** [CMakeFiles/cmTC_c76a9.dir/build.make:78: CMakeFiles/cmTC_c76a9.dir/src.cxx.o] Error 1
gmake[1]: Leaving directory '/home/brandon/RayTracingInOneWeekend/RayTracer/build/CMakeFiles/CMakeScratch/TryCompile-t39V22'
gmake: *** [Makefile:127: cmTC_c76a9/fast] Error 2


Source file was:
int main() { return 0; }

Performing C++ SOURCE FILE Test COMPILER_SUPPORT_wd981 failed with the following output:
Change Dir: /home/brandon/RayTracingInOneWeekend/RayTracer/build/CMakeFiles/CMakeScratch/TryCompile-qbFAtP

Run Build Command(s):/usr/bin/gmake -f Makefile cmTC_6d805/fast && /usr/bin/gmake  -f CMakeFiles/cmTC_6d805.dir/build.make CMakeFiles/cmTC_6d805.dir/build
gmake[1]: Entering directory '/home/brandon/RayTracingInOneWeekend/RayTracer/build/CMakeFiles/CMakeScratch/TryCompile-qbFAtP'
Building CXX object CMakeFiles/cmTC_6d805.dir/src.cxx.o
/usr/bin/g++ -DCOMPILER_SUPPORT_wd981  -pedantic -Wall -Wextra -Wundef -Wcast-align -Wchar-subscripts -Wnon-virtual-dtor -Wunused-local-typedefs -Wpointer-arith -Wwrite-strings -Wformat-security -Wlogical-op -Wenum-conversion -Wc++11-extensions -Wdouble-promotion -Wshadow -Wno-psabi -Wno-variadic-macros -Wno-long-long -fno-check-new -fno-common -fstrict-aliasing -Werror   -wd981 -std=gnu++17 -o CMakeFiles/cmTC_6d805.dir/src.cxx.o -c /home/brandon/RayTracingInOneWeekend/RayTracer/build/CMakeFiles/CMakeScratch/TryCompile-qbFAtP/src.cxx
g++: error: unrecognized command-line option '-wd981'
gmake[1]: *** [CMakeFiles/cmTC_6d805.dir/build.make:78: CMakeFiles/cmTC_6d805.dir/src.cxx.o] Error 1
gmake[1]: Leaving directory '/home/brandon/RayTracingInOneWeekend/RayTracer/build/CMakeFiles/CMakeScratch/TryCompile-qbFAtP'
gmake: *** [Makefile:127: cmTC_6d805/fast] Error 2


Source file was:
int main() { return 0; }

Performing C++ SOURCE FILE Test COMPILER_SUPPORT_wd2304 failed with the following output:
Change Dir: /home/brandon/RayTracingInOneWeekend/RayTracer/build/CMakeFiles/CMakeScratch/TryCompile-937fyU

Run Build Command(s):/usr/bin/gmake -f Makefile cmTC_d7361/fast && /usr/bin/gmake  -f CMakeFiles/cmTC_d7361.dir/build.make CMakeFiles/cmTC_d7361.dir/build
gmake[1]: Entering directory '/home/brandon/RayTracingInOneWeekend/RayTracer/build/CMakeFiles/CMakeScratch/TryCompile-937fyU'
Building CXX object CMakeFiles/cmTC_d7361.dir/src.cxx.o
/usr/bin/g++ -DCOMPILER_SUPPORT_wd2304  -pedantic -Wall -Wextra -Wundef -Wcast-align -Wchar-subscripts -Wnon-virtual-dtor -Wunused-local-typedefs -Wpointer-arith -Wwrite-strings -Wformat-security -Wlogical-op -Wenum-conversion -Wc++11-extensions -Wdouble-promotion -Wshadow -Wno-psabi -Wno-variadic-macros -Wno-long-long -fno-check-new -fno-common -fstrict-aliasing -Werror   -wd2304 -std=gnu++17 -o CMakeFiles/cmTC_d7361.dir/src.cxx.o -c /home/brandon/RayTracingInOneWeekend/RayTracer/build/CMakeFiles/CMakeScratch/TryCompile-937fyU/src.cxx
g++: error: unrecognized command-line option '-wd2304'
gmake[1]: *** [CMakeFiles/cmTC_d7361.dir/build.make:78: CMakeFiles/cmTC_d7361.dir/src.cxx.o] Error 1
gmake[1]: Leaving directory '/home/brandon/RayTracingInOneWeekend/RayTracer/build/CMakeFiles/CMakeScratch/TryCompile-937fyU'
gmake: *** [Makefile:127: cmTC_d7361/fast] Error 2


Source file was:
int main() { return 0; }

